2023-12-07 12:31:51,029 - INFO - 🚀 Training MobileNetV3 - Omni Dimensional Dynamic Convolution 🚀
2023-12-07 12:34:39,065 - INFO - 🚀 Training MobileNetV3 - Omni Dimensional Dynamic Convolution 🚀
2023-12-07 12:35:39,209 - INFO - ========================================
2023-12-07 12:35:39,209 - INFO - [1;34mEpoch 1/100[0m
2023-12-07 12:35:39,209 - INFO - Train Loss: 1.73
Train Acc: 38.30%
2023-12-07 12:35:45,860 - INFO - Val Loss: 1.44
Val Acc: 49.73%
2023-12-07 12:36:42,461 - INFO - ========================================
2023-12-07 12:36:42,461 - INFO - [1;34mEpoch 2/100[0m
2023-12-07 12:36:42,462 - INFO - Train Loss: 1.37  Train Acc: 55.28%
2023-12-07 12:36:49,430 - INFO - Val Loss: 0.97    Val Acc: 66.96%
2023-12-07 12:37:46,316 - INFO - ========================================
2023-12-07 12:37:46,317 - INFO - [1;34mEpoch 3/100[0m
2023-12-07 12:37:46,317 - INFO - Train Loss: 1.23
Train Acc: 61.80%
2023-12-07 12:37:52,465 - INFO - Val Loss: 0.84
Val Acc: 71.61%
2023-12-07 12:38:47,482 - INFO - ========================================
2023-12-07 12:38:47,482 - INFO - [1;34mEpoch 4/100[0m
2023-12-07 12:38:47,482 - INFO - Train Loss: 1.13
Train Acc: 65.92%
2023-12-07 12:38:53,414 - INFO - Val Loss: 0.73
Val Acc: 77.24%
2023-12-07 12:39:46,668 - INFO - ========================================
2023-12-07 12:39:46,668 - INFO - [1;34mEpoch 5/100[0m
2023-12-07 12:39:46,668 - INFO - Train Loss: 1.06
Train Acc: 68.66%
2023-12-07 12:39:52,899 - INFO - Val Loss: 0.68
Val Acc: 78.11%
2023-12-07 12:40:49,096 - INFO - ========================================
2023-12-07 12:40:49,097 - INFO - [1;34mEpoch 6/100[0m
2023-12-07 12:40:49,097 - INFO - Train Loss: 1.01
Train Acc: 70.57%
2023-12-07 12:40:55,523 - INFO - Val Loss: 0.65
Val Acc: 80.26%
2023-12-07 12:41:52,317 - INFO - ========================================
2023-12-07 12:41:52,317 - INFO - [1;34mEpoch 7/100[0m
2023-12-07 12:41:52,317 - INFO - Train Loss: 0.96
Train Acc: 72.66%
2023-12-07 12:41:58,714 - INFO - Val Loss: 0.60
Val Acc: 81.77%
2023-12-07 12:42:52,034 - INFO - ========================================
2023-12-07 12:42:52,035 - INFO - [1;34mEpoch 8/100[0m
2023-12-07 12:42:52,035 - INFO - Train Loss: 0.96
Train Acc: 72.51%
2023-12-07 12:42:57,980 - INFO - Val Loss: 0.64
Val Acc: 80.23%
2023-12-07 12:43:52,388 - INFO - ========================================
2023-12-07 12:43:52,388 - INFO - [1;34mEpoch 9/100[0m
2023-12-07 12:43:52,389 - INFO - Train Loss: 0.97
Train Acc: 72.29%
2023-12-07 12:43:58,929 - INFO - Val Loss: 0.65
Val Acc: 81.39%
2023-12-07 12:44:54,706 - INFO - ========================================
2023-12-07 12:44:54,707 - INFO - [1;34mEpoch 10/100[0m
2023-12-07 12:44:54,707 - INFO - Train Loss: 0.91
Train Acc: 73.92%
2023-12-07 12:45:01,245 - INFO - Val Loss: 0.57
Val Acc: 82.98%
2023-12-07 12:45:57,718 - INFO - ========================================
2023-12-07 12:45:57,718 - INFO - [1;34mEpoch 11/100[0m
2023-12-07 12:45:57,718 - INFO - Train Loss: 0.91
Train Acc: 74.38%
2023-12-07 12:46:04,352 - INFO - Val Loss: 0.62
Val Acc: 82.72%
2023-12-07 12:47:00,298 - INFO - ========================================
2023-12-07 12:47:00,299 - INFO - [1;34mEpoch 12/100[0m
2023-12-07 12:47:00,299 - INFO - Train Loss: 0.86
Train Acc: 75.61%
2023-12-07 12:47:06,808 - INFO - Val Loss: 0.54
Val Acc: 84.21%
2023-12-07 12:48:02,222 - INFO - ========================================
2023-12-07 12:48:02,222 - INFO - [1;34mEpoch 13/100[0m
2023-12-07 12:48:02,222 - INFO - Train Loss: 0.86
Train Acc: 75.91%
2023-12-07 12:48:08,222 - INFO - Val Loss: 0.59
Val Acc: 83.34%
2023-12-07 12:49:02,824 - INFO - ========================================
2023-12-07 12:49:02,825 - INFO - [1;34mEpoch 14/100[0m
2023-12-07 12:49:02,825 - INFO - Train Loss: 0.80
Train Acc: 78.48%
2023-12-07 12:49:09,404 - INFO - Val Loss: 0.50
Val Acc: 84.22%
2023-12-07 12:50:05,326 - INFO - ========================================
2023-12-07 12:50:05,327 - INFO - [1;34mEpoch 15/100[0m
2023-12-07 12:50:05,327 - INFO - Train Loss: 0.76
Train Acc: 78.74%
2023-12-07 12:50:11,789 - INFO - Val Loss: 0.56
Val Acc: 84.23%
2023-12-07 12:51:08,017 - INFO - ========================================
2023-12-07 12:51:08,017 - INFO - [1;34mEpoch 16/100[0m
2023-12-07 12:51:08,017 - INFO - Train Loss: 0.76
Train Acc: 79.00%
2023-12-07 12:51:14,453 - INFO - Val Loss: 0.53
Val Acc: 85.17%
2023-12-07 12:52:12,244 - INFO - ========================================
2023-12-07 12:52:12,244 - INFO - [1;34mEpoch 17/100[0m
2023-12-07 12:52:12,245 - INFO - Train Loss: 0.78
Train Acc: 78.26%
2023-12-07 12:52:19,115 - INFO - Val Loss: 0.47
Val Acc: 85.67%
2023-12-07 12:53:18,458 - INFO - ========================================
2023-12-07 12:53:18,459 - INFO - [1;34mEpoch 18/100[0m
2023-12-07 12:53:18,459 - INFO - Train Loss: 0.83
Train Acc: 77.00%
2023-12-07 12:53:25,422 - INFO - Val Loss: 0.50
Val Acc: 85.59%
2023-12-07 12:54:23,518 - INFO - ========================================
2023-12-07 12:54:23,519 - INFO - [1;34mEpoch 19/100[0m
2023-12-07 12:54:23,519 - INFO - Train Loss: 0.81
Train Acc: 77.92%
2023-12-07 12:54:30,178 - INFO - Val Loss: 0.56
Val Acc: 84.48%
2023-12-07 12:55:27,664 - INFO - ========================================
2023-12-07 12:55:27,665 - INFO - [1;34mEpoch 20/100[0m
2023-12-07 12:55:27,665 - INFO - Train Loss: 0.78
Train Acc: 78.61%
2023-12-07 12:55:34,376 - INFO - Val Loss: 0.54
Val Acc: 84.79%
2023-12-07 12:56:30,537 - INFO - ========================================
2023-12-07 12:56:30,538 - INFO - [1;34mEpoch 21/100[0m
2023-12-07 12:56:30,538 - INFO - Train Loss: 0.77
Train Acc: 79.18%
2023-12-07 12:56:37,027 - INFO - Val Loss: 0.52
Val Acc: 84.97%
2023-12-07 12:57:32,578 - INFO - ========================================
2023-12-07 12:57:32,578 - INFO - [1;34mEpoch 22/100[0m
2023-12-07 12:57:32,578 - INFO - Train Loss: 0.70
Train Acc: 81.69%
2023-12-07 12:57:38,937 - INFO - Val Loss: 0.53
Val Acc: 85.34%
2023-12-07 12:58:34,497 - INFO - ========================================
2023-12-07 12:58:34,497 - INFO - [1;34mEpoch 23/100[0m
2023-12-07 12:58:34,498 - INFO - Train Loss: 0.75
Train Acc: 79.70%
2023-12-07 12:58:40,920 - INFO - Val Loss: 0.57
Val Acc: 85.57%
2023-12-07 12:59:36,454 - INFO - ========================================
2023-12-07 12:59:36,455 - INFO - [1;34mEpoch 24/100[0m
2023-12-07 12:59:36,455 - INFO - Train Loss: 0.76
Train Acc: 79.33%
2023-12-07 12:59:42,921 - INFO - Val Loss: 0.50
Val Acc: 85.65%
2023-12-07 13:00:44,947 - INFO - Val Loss: 0.52
Val Acc: 85.22%
2023-12-07 13:01:40,336 - INFO - ========================================
2023-12-07 13:01:40,336 - INFO - [1;34mEpoch 26/100[0m
2023-12-07 13:01:40,336 - INFO - Train Loss: 0.69
Train Acc: 81.44%
2023-12-07 13:01:46,874 - INFO - Val Loss: 0.47
Val Acc: 86.58%
2023-12-07 13:02:42,987 - INFO - ========================================
2023-12-07 13:02:42,988 - INFO - [1;34mEpoch 27/100[0m
2023-12-07 13:02:42,988 - INFO - Train Loss: 0.72
Train Acc: 81.21%
2023-12-07 13:02:49,642 - INFO - Val Loss: 0.51
Val Acc: 85.88%
2023-12-07 13:03:45,128 - INFO - ========================================
2023-12-07 13:03:45,129 - INFO - [1;34mEpoch 28/100[0m
2023-12-07 13:03:45,129 - INFO - Train Loss: 0.74
Train Acc: 79.54%
2023-12-07 13:03:51,698 - INFO - Val Loss: 0.49
Val Acc: 86.48%
2023-12-07 13:04:47,869 - INFO - ========================================
2023-12-07 13:04:47,869 - INFO - [1;34mEpoch 29/100[0m
2023-12-07 13:04:47,869 - INFO - Train Loss: 0.66
Train Acc: 82.61%
2023-12-07 13:04:54,476 - INFO - Val Loss: 0.48
Val Acc: 86.27%
2023-12-07 13:05:51,026 - INFO - ========================================
2023-12-07 13:05:51,027 - INFO - [1;34mEpoch 30/100[0m
2023-12-07 13:05:51,027 - INFO - Train Loss: 0.73
Train Acc: 80.00%
2023-12-07 13:05:57,804 - INFO - Val Loss: 0.50
Val Acc: 85.83%
2023-12-07 13:06:53,853 - INFO - ========================================
2023-12-07 13:06:53,854 - INFO - [1;34mEpoch 31/100[0m
2023-12-07 13:06:53,854 - INFO - Train Loss: 0.71
Train Acc: 80.79%
2023-12-07 13:07:00,539 - INFO - Val Loss: 0.46
Val Acc: 87.12%
2023-12-07 13:07:56,394 - INFO - ========================================
2023-12-07 13:07:56,394 - INFO - [1;34mEpoch 32/100[0m
2023-12-07 13:07:56,394 - INFO - Train Loss: 0.71
Train Acc: 81.01%
2023-12-07 13:08:02,886 - INFO - Val Loss: 0.50
Val Acc: 86.25%
2023-12-07 13:08:58,769 - INFO - ========================================
2023-12-07 13:08:58,769 - INFO - [1;34mEpoch 33/100[0m
2023-12-07 13:08:58,769 - INFO - Train Loss: 0.77
Train Acc: 78.50%
2023-12-07 13:09:05,280 - INFO - Val Loss: 0.51
Val Acc: 85.78%
2023-12-07 13:10:03,756 - INFO - ========================================
2023-12-07 13:10:03,756 - INFO - [1;34mEpoch 34/100[0m
2023-12-07 13:10:03,756 - INFO - Train Loss: 0.73
Train Acc: 80.82%
2023-12-07 13:10:10,361 - INFO - Val Loss: 0.50
Val Acc: 86.15%
2023-12-07 13:11:06,242 - INFO - ========================================
2023-12-07 13:11:06,242 - INFO - [1;34mEpoch 35/100[0m
2023-12-07 13:11:06,243 - INFO - Train Loss: 0.71
Train Acc: 80.88%
2023-12-07 13:11:12,963 - INFO - Val Loss: 0.47
Val Acc: 86.96%
2023-12-07 13:12:09,437 - INFO - ========================================
2023-12-07 13:12:09,438 - INFO - [1;34mEpoch 36/100[0m
2023-12-07 13:12:09,438 - INFO - Train Loss: 0.75
Train Acc: 79.22%
2023-12-07 13:12:16,004 - INFO - Val Loss: 0.48
Val Acc: 86.72%
2023-12-07 13:13:13,706 - INFO - ========================================
2023-12-07 13:13:13,707 - INFO - [1;34mEpoch 37/100[0m
2023-12-07 13:13:13,707 - INFO - Train Loss: 0.76
Train Acc: 79.12%
2023-12-07 13:13:20,173 - INFO - Val Loss: 0.57
Val Acc: 86.00%
2023-12-07 13:14:15,982 - INFO - ========================================
2023-12-07 13:14:15,982 - INFO - [1;34mEpoch 38/100[0m
2023-12-07 13:14:15,982 - INFO - Train Loss: 0.71
Train Acc: 80.76%
2023-12-07 13:14:22,401 - INFO - Val Loss: 0.56
Val Acc: 85.54%
2023-12-07 13:15:20,736 - INFO - ========================================
2023-12-07 13:15:20,737 - INFO - [1;34mEpoch 39/100[0m
2023-12-07 13:15:20,737 - INFO - Train Loss: 0.71
Train Acc: 80.28%
2023-12-07 13:15:27,512 - INFO - Val Loss: 0.48
Val Acc: 86.25%
2023-12-07 13:16:23,578 - INFO - ========================================
2023-12-07 13:16:23,579 - INFO - [1;34mEpoch 40/100[0m
2023-12-07 13:16:23,579 - INFO - Train Loss: 0.71
Train Acc: 80.74%
2023-12-07 13:16:30,032 - INFO - Val Loss: 0.48
Val Acc: 87.07%
2023-12-07 13:17:25,194 - INFO - ========================================
2023-12-07 13:17:25,195 - INFO - [1;34mEpoch 41/100[0m
2023-12-07 13:17:25,195 - INFO - Train Loss: 0.75
Train Acc: 79.44%
2023-12-07 13:17:31,366 - INFO - Val Loss: 0.52
Val Acc: 86.48%
2023-12-07 13:18:24,613 - INFO - ========================================
2023-12-07 13:18:24,614 - INFO - [1;34mEpoch 42/100[0m
2023-12-07 13:18:24,614 - INFO - Train Loss: 0.69
Train Acc: 81.57%
2023-12-07 13:18:30,820 - INFO - Val Loss: 0.47
Val Acc: 86.60%
2023-12-07 13:19:24,505 - INFO - ========================================
2023-12-07 13:19:24,506 - INFO - [1;34mEpoch 43/100[0m
2023-12-07 13:19:24,506 - INFO - Train Loss: 0.66
Train Acc: 82.92%
2023-12-07 13:19:31,029 - INFO - Val Loss: 0.47
Val Acc: 86.96%
2023-12-07 13:20:26,914 - INFO - ========================================
2023-12-07 13:20:26,915 - INFO - [1;34mEpoch 44/100[0m
2023-12-07 13:20:26,915 - INFO - Train Loss: 0.68
Train Acc: 82.13%
2023-12-07 13:20:33,459 - INFO - Val Loss: 0.48
Val Acc: 87.04%
2023-12-07 13:21:28,990 - INFO - ========================================
2023-12-07 13:21:28,991 - INFO - [1;34mEpoch 45/100[0m
2023-12-07 13:21:28,991 - INFO - Train Loss: 0.75
Train Acc: 79.65%
2023-12-07 13:21:35,671 - INFO - Val Loss: 0.45
Val Acc: 87.24%
2023-12-07 13:22:31,359 - INFO - ========================================
2023-12-07 13:22:31,360 - INFO - [1;34mEpoch 46/100[0m
2023-12-07 13:22:31,360 - INFO - Train Loss: 0.70
Train Acc: 81.02%
2023-12-07 13:22:37,724 - INFO - Val Loss: 0.49
Val Acc: 86.46%
2023-12-07 13:23:35,593 - INFO - ========================================
2023-12-07 13:23:35,593 - INFO - [1;34mEpoch 47/100[0m
2023-12-07 13:23:35,594 - INFO - Train Loss: 0.66
Train Acc: 82.54%
2023-12-07 13:23:42,302 - INFO - Val Loss: 0.47
Val Acc: 87.01%
2023-12-07 13:24:37,940 - INFO - ========================================
2023-12-07 13:24:37,941 - INFO - [1;34mEpoch 48/100[0m
2023-12-07 13:24:37,941 - INFO - Train Loss: 0.69
Train Acc: 80.85%
2023-12-07 13:24:44,267 - INFO - Val Loss: 0.46
Val Acc: 86.96%
2023-12-07 13:25:39,795 - INFO - ========================================
2023-12-07 13:25:39,796 - INFO - [1;34mEpoch 49/100[0m
2023-12-07 13:25:39,796 - INFO - Train Loss: 0.71
Train Acc: 80.70%
2023-12-07 13:25:46,241 - INFO - Val Loss: 0.52
Val Acc: 85.98%
2023-12-07 13:26:41,085 - INFO - ========================================
2023-12-07 13:26:41,085 - INFO - [1;34mEpoch 50/100[0m
2023-12-07 13:26:41,085 - INFO - Train Loss: 0.70
Train Acc: 81.09%
2023-12-07 13:26:47,621 - INFO - Val Loss: 0.48
Val Acc: 86.82%
2023-12-07 13:27:44,317 - INFO - ========================================
2023-12-07 13:27:44,318 - INFO - [1;34mEpoch 51/100[0m
2023-12-07 13:27:44,318 - INFO - Train Loss: 0.75
Train Acc: 78.99%
2023-12-07 13:27:50,796 - INFO - Val Loss: 0.46
Val Acc: 87.16%
2023-12-07 13:28:47,820 - INFO - ========================================
2023-12-07 13:28:47,821 - INFO - [1;34mEpoch 52/100[0m
2023-12-07 13:28:47,821 - INFO - Train Loss: 0.68
Train Acc: 81.86%
2023-12-07 13:28:54,271 - INFO - Val Loss: 0.50
Val Acc: 87.26%
2023-12-07 13:29:52,873 - INFO - ========================================
2023-12-07 13:29:52,874 - INFO - [1;34mEpoch 53/100[0m
2023-12-07 13:29:52,874 - INFO - Train Loss: 0.69
Train Acc: 80.49%
2023-12-07 13:29:59,261 - INFO - Val Loss: 0.48
Val Acc: 87.44%
2023-12-07 13:30:56,256 - INFO - ========================================
2023-12-07 13:30:56,256 - INFO - [1;34mEpoch 54/100[0m
2023-12-07 13:30:56,256 - INFO - Train Loss: 0.74
Train Acc: 79.48%
2023-12-07 13:31:02,539 - INFO - Val Loss: 0.49
Val Acc: 87.22%
2023-12-07 13:31:59,288 - INFO - ========================================
2023-12-07 13:31:59,288 - INFO - [1;34mEpoch 55/100[0m
2023-12-07 13:31:59,288 - INFO - Train Loss: 0.69
Train Acc: 81.03%
2023-12-07 13:32:05,781 - INFO - Val Loss: 0.45
Val Acc: 87.65%
2023-12-07 13:33:01,820 - INFO - ========================================
2023-12-07 13:33:01,820 - INFO - [1;34mEpoch 56/100[0m
2023-12-07 13:33:01,820 - INFO - Train Loss: 0.67
Train Acc: 82.16%
2023-12-07 13:33:08,374 - INFO - Val Loss: 0.47
Val Acc: 87.53%
2023-12-07 13:34:04,033 - INFO - ========================================
2023-12-07 13:34:04,033 - INFO - [1;34mEpoch 57/100[0m
2023-12-07 13:34:04,033 - INFO - Train Loss: 0.70
Train Acc: 80.73%
2023-12-07 13:34:10,333 - INFO - Val Loss: 0.46
Val Acc: 87.44%
2023-12-07 13:35:08,717 - INFO - ========================================
2023-12-07 13:35:08,717 - INFO - [1;34mEpoch 58/100[0m
2023-12-07 13:35:08,717 - INFO - Train Loss: 0.62
Train Acc: 83.58%
2023-12-07 13:35:15,261 - INFO - Val Loss: 0.51
Val Acc: 86.95%
2023-12-07 13:36:12,533 - INFO - ========================================
2023-12-07 13:36:12,533 - INFO - [1;34mEpoch 59/100[0m
2023-12-07 13:36:12,533 - INFO - Train Loss: 0.60
Train Acc: 84.23%
2023-12-07 13:36:18,981 - INFO - Val Loss: 0.49
Val Acc: 86.85%
2023-12-07 13:37:16,187 - INFO - ========================================
2023-12-07 13:37:16,188 - INFO - [1;34mEpoch 60/100[0m
2023-12-07 13:37:16,188 - INFO - Train Loss: 0.68
Train Acc: 81.75%
2023-12-07 13:37:22,596 - INFO - Val Loss: 0.47
Val Acc: 87.10%
2023-12-07 13:38:21,384 - INFO - ========================================
2023-12-07 13:38:21,385 - INFO - [1;34mEpoch 61/100[0m
2023-12-07 13:38:21,385 - INFO - Train Loss: 0.66
Train Acc: 82.20%
2023-12-07 13:38:27,915 - INFO - Val Loss: 0.47
Val Acc: 87.64%
2023-12-07 13:39:23,669 - INFO - ========================================
2023-12-07 13:39:23,670 - INFO - [1;34mEpoch 62/100[0m
2023-12-07 13:39:23,670 - INFO - Train Loss: 0.65
Train Acc: 82.77%
2023-12-07 13:39:30,072 - INFO - Val Loss: 0.45
Val Acc: 87.77%
2023-12-07 13:40:27,101 - INFO - ========================================
2023-12-07 13:40:27,102 - INFO - [1;34mEpoch 63/100[0m
2023-12-07 13:40:27,102 - INFO - Train Loss: 0.64
Train Acc: 83.08%
2023-12-07 13:40:33,538 - INFO - Val Loss: 0.46
Val Acc: 87.28%
2023-12-07 13:41:27,952 - INFO - ========================================
2023-12-07 13:41:27,953 - INFO - [1;34mEpoch 64/100[0m
2023-12-07 13:41:27,953 - INFO - Train Loss: 0.67
Train Acc: 81.30%
2023-12-07 13:41:34,022 - INFO - Val Loss: 0.49
Val Acc: 87.21%
2023-12-07 13:42:28,116 - INFO - ========================================
2023-12-07 13:42:28,116 - INFO - [1;34mEpoch 65/100[0m
2023-12-07 13:42:28,116 - INFO - Train Loss: 0.65
Train Acc: 82.13%
2023-12-07 13:42:34,213 - INFO - Val Loss: 0.51
Val Acc: 87.19%
2023-12-07 13:43:28,177 - INFO - ========================================
2023-12-07 13:43:28,177 - INFO - [1;34mEpoch 66/100[0m
2023-12-07 13:43:28,177 - INFO - Train Loss: 0.72
Train Acc: 79.98%
2023-12-07 13:43:34,335 - INFO - Val Loss: 0.46
Val Acc: 88.13%
2023-12-07 13:44:27,419 - INFO - ========================================
2023-12-07 13:44:27,419 - INFO - [1;34mEpoch 67/100[0m
2023-12-07 13:44:27,419 - INFO - Train Loss: 0.66
Train Acc: 81.98%
2023-12-07 13:44:34,099 - INFO - Val Loss: 0.47
Val Acc: 87.30%
2023-12-07 13:45:29,426 - INFO - ========================================
2023-12-07 13:45:29,427 - INFO - [1;34mEpoch 68/100[0m
2023-12-07 13:45:29,427 - INFO - Train Loss: 0.69
Train Acc: 80.99%
2023-12-07 13:45:35,852 - INFO - Val Loss: 0.44
Val Acc: 87.61%
2023-12-07 13:46:32,814 - INFO - ========================================
2023-12-07 13:46:32,814 - INFO - [1;34mEpoch 69/100[0m
2023-12-07 13:46:32,814 - INFO - Train Loss: 0.69
Train Acc: 80.91%
2023-12-07 13:46:39,328 - INFO - Val Loss: 0.47
Val Acc: 88.02%
2023-12-07 13:47:35,101 - INFO - ========================================
2023-12-07 13:47:35,102 - INFO - [1;34mEpoch 70/100[0m
2023-12-07 13:47:35,102 - INFO - Train Loss: 0.68
Train Acc: 81.37%
2023-12-07 13:47:41,373 - INFO - Val Loss: 0.50
Val Acc: 87.62%
2023-12-07 13:48:38,399 - INFO - ========================================
2023-12-07 13:48:38,399 - INFO - [1;34mEpoch 71/100[0m
2023-12-07 13:48:38,399 - INFO - Train Loss: 0.64
Train Acc: 83.05%
2023-12-07 13:48:44,884 - INFO - Val Loss: 0.45
Val Acc: 87.76%
2023-12-07 13:49:41,037 - INFO - ========================================
2023-12-07 13:49:41,038 - INFO - [1;34mEpoch 72/100[0m
2023-12-07 13:49:41,038 - INFO - Train Loss: 0.65
Train Acc: 82.18%
2023-12-07 13:49:47,552 - INFO - Val Loss: 0.46
Val Acc: 87.90%
2023-12-07 13:50:43,126 - INFO - ========================================
2023-12-07 13:50:43,127 - INFO - [1;34mEpoch 73/100[0m
2023-12-07 13:50:43,127 - INFO - Train Loss: 0.71
Train Acc: 80.27%
2023-12-07 13:50:49,578 - INFO - Val Loss: 0.49
Val Acc: 87.93%
2023-12-07 13:51:46,158 - INFO - ========================================
2023-12-07 13:51:46,159 - INFO - [1;34mEpoch 74/100[0m
2023-12-07 13:51:46,159 - INFO - Train Loss: 0.71
Train Acc: 80.13%
2023-12-07 13:51:52,615 - INFO - Val Loss: 0.46
Val Acc: 88.00%
2023-12-07 13:52:48,538 - INFO - ========================================
2023-12-07 13:52:48,538 - INFO - [1;34mEpoch 75/100[0m
2023-12-07 13:52:48,538 - INFO - Train Loss: 0.63
Train Acc: 83.23%
2023-12-07 13:52:55,010 - INFO - Val Loss: 0.49
Val Acc: 87.57%
2023-12-07 13:53:50,883 - INFO - ========================================
2023-12-07 13:53:50,883 - INFO - [1;34mEpoch 76/100[0m
2023-12-07 13:53:50,883 - INFO - Train Loss: 0.68
Train Acc: 81.25%
2023-12-07 13:53:57,458 - INFO - Val Loss: 0.45
Val Acc: 87.36%
2023-12-07 13:54:54,022 - INFO - ========================================
2023-12-07 13:54:54,023 - INFO - [1;34mEpoch 77/100[0m
2023-12-07 13:54:54,023 - INFO - Train Loss: 0.66
Train Acc: 81.52%
2023-12-07 13:55:00,402 - INFO - Val Loss: 0.46
Val Acc: 88.22%
2023-12-07 13:55:56,622 - INFO - ========================================
2023-12-07 13:55:56,622 - INFO - [1;34mEpoch 78/100[0m
2023-12-07 13:55:56,622 - INFO - Train Loss: 0.67
Train Acc: 81.73%
2023-12-07 13:56:03,187 - INFO - Val Loss: 0.45
Val Acc: 87.84%
2023-12-07 13:56:59,750 - INFO - ========================================
2023-12-07 13:56:59,751 - INFO - [1;34mEpoch 79/100[0m
2023-12-07 13:56:59,751 - INFO - Train Loss: 0.61
Train Acc: 83.46%
2023-12-07 13:57:06,337 - INFO - Val Loss: 0.44
Val Acc: 88.74%
2023-12-07 13:58:02,658 - INFO - ========================================
2023-12-07 13:58:02,659 - INFO - [1;34mEpoch 80/100[0m
2023-12-07 13:58:02,659 - INFO - Train Loss: 0.62
Train Acc: 83.46%
2023-12-07 13:58:09,252 - INFO - Val Loss: 0.47
Val Acc: 87.95%
2023-12-07 13:59:05,483 - INFO - ========================================
2023-12-07 13:59:05,484 - INFO - [1;34mEpoch 81/100[0m
2023-12-07 13:59:05,484 - INFO - Train Loss: 0.61
Train Acc: 83.56%
2023-12-07 13:59:12,003 - INFO - Val Loss: 0.42
Val Acc: 88.62%
2023-12-07 14:00:07,836 - INFO - ========================================
2023-12-07 14:00:07,837 - INFO - [1;34mEpoch 82/100[0m
2023-12-07 14:00:07,837 - INFO - Train Loss: 0.68
Train Acc: 81.40%
2023-12-07 14:00:14,328 - INFO - Val Loss: 0.45
Val Acc: 88.00%
2023-12-07 14:01:12,707 - INFO - ========================================
2023-12-07 14:01:12,708 - INFO - [1;34mEpoch 83/100[0m
2023-12-07 14:01:12,708 - INFO - Train Loss: 0.64
Train Acc: 82.58%
2023-12-07 14:01:19,505 - INFO - Val Loss: 0.43
Val Acc: 88.08%
2023-12-07 14:02:15,595 - INFO - ========================================
2023-12-07 14:02:15,595 - INFO - [1;34mEpoch 84/100[0m
2023-12-07 14:02:15,595 - INFO - Train Loss: 0.57
Train Acc: 84.86%
2023-12-07 14:02:22,279 - INFO - Val Loss: 0.47
Val Acc: 87.84%
2023-12-07 14:03:18,729 - INFO - ========================================
2023-12-07 14:03:18,729 - INFO - [1;34mEpoch 85/100[0m
2023-12-07 14:03:18,729 - INFO - Train Loss: 0.65
Train Acc: 82.11%
2023-12-07 14:03:25,162 - INFO - Val Loss: 0.44
Val Acc: 87.92%
2023-12-07 14:04:20,942 - INFO - ========================================
2023-12-07 14:04:20,943 - INFO - [1;34mEpoch 86/100[0m
2023-12-07 14:04:20,943 - INFO - Train Loss: 0.64
Train Acc: 82.14%
2023-12-07 14:04:27,199 - INFO - Val Loss: 0.45
Val Acc: 88.77%
2023-12-07 14:05:25,190 - INFO - ========================================
2023-12-07 14:05:25,190 - INFO - [1;34mEpoch 87/100[0m
2023-12-07 14:05:25,190 - INFO - Train Loss: 0.64
Train Acc: 82.79%
2023-12-07 14:05:32,291 - INFO - Val Loss: 0.53
Val Acc: 87.94%
2023-12-07 14:06:28,005 - INFO - ========================================
2023-12-07 14:06:28,006 - INFO - [1;34mEpoch 88/100[0m
2023-12-07 14:06:28,006 - INFO - Train Loss: 0.70
Train Acc: 80.74%
2023-12-07 14:06:34,317 - INFO - Val Loss: 0.50
Val Acc: 87.51%
2023-12-07 14:07:30,120 - INFO - ========================================
2023-12-07 14:07:30,120 - INFO - [1;34mEpoch 89/100[0m
2023-12-07 14:07:30,121 - INFO - Train Loss: 0.59
Train Acc: 84.46%
2023-12-07 14:07:36,554 - INFO - Val Loss: 0.48
Val Acc: 87.63%
2023-12-07 14:08:32,739 - INFO - ========================================
2023-12-07 14:08:32,740 - INFO - [1;34mEpoch 90/100[0m
2023-12-07 14:08:32,740 - INFO - Train Loss: 0.73
Train Acc: 79.10%
2023-12-07 14:08:39,322 - INFO - Val Loss: 0.46
Val Acc: 88.31%
2023-12-07 14:09:37,354 - INFO - ========================================
2023-12-07 14:09:37,355 - INFO - [1;34mEpoch 91/100[0m
2023-12-07 14:09:37,355 - INFO - Train Loss: 0.60
Train Acc: 84.32%
2023-12-07 14:09:43,929 - INFO - Val Loss: 0.47
Val Acc: 88.12%
2023-12-07 14:10:40,648 - INFO - ========================================
2023-12-07 14:10:40,648 - INFO - [1;34mEpoch 92/100[0m
2023-12-07 14:10:40,649 - INFO - Train Loss: 0.66
Train Acc: 81.89%
2023-12-07 14:10:47,282 - INFO - Val Loss: 0.48
Val Acc: 87.74%
2023-12-07 14:11:43,930 - INFO - ========================================
2023-12-07 14:11:43,931 - INFO - [1;34mEpoch 93/100[0m
2023-12-07 14:11:43,931 - INFO - Train Loss: 0.60
Train Acc: 83.91%
2023-12-07 14:11:50,542 - INFO - Val Loss: 0.47
Val Acc: 88.24%
2023-12-07 14:12:48,930 - INFO - ========================================
2023-12-07 14:12:48,931 - INFO - [1;34mEpoch 94/100[0m
2023-12-07 14:12:48,931 - INFO - Train Loss: 0.69
Train Acc: 81.10%
2023-12-07 14:12:55,617 - INFO - Val Loss: 0.47
Val Acc: 87.59%
2023-12-07 14:13:50,946 - INFO - ========================================
2023-12-07 14:13:50,947 - INFO - [1;34mEpoch 95/100[0m
2023-12-07 14:13:50,947 - INFO - Train Loss: 0.63
Train Acc: 82.36%
2023-12-07 14:13:57,627 - INFO - Val Loss: 0.47
Val Acc: 88.29%
2023-12-07 14:14:52,875 - INFO - ========================================
2023-12-07 14:14:52,876 - INFO - [1;34mEpoch 96/100[0m
2023-12-07 14:14:52,876 - INFO - Train Loss: 0.61
Train Acc: 83.52%
2023-12-07 14:14:59,201 - INFO - Val Loss: 0.43
Val Acc: 88.60%
2023-12-07 14:15:52,423 - INFO - ========================================
2023-12-07 14:15:52,423 - INFO - [1;34mEpoch 97/100[0m
2023-12-07 14:15:52,424 - INFO - Train Loss: 0.65
Train Acc: 82.10%
2023-12-07 14:15:58,773 - INFO - Val Loss: 0.44
Val Acc: 88.87%
2023-12-07 14:16:53,336 - INFO - ========================================
2023-12-07 14:16:53,337 - INFO - [1;34mEpoch 98/100[0m
2023-12-07 14:16:53,337 - INFO - Train Loss: 0.63
Train Acc: 82.69%
2023-12-07 14:16:59,970 - INFO - Val Loss: 0.43
Val Acc: 88.31%
2023-12-07 14:17:53,797 - INFO - ========================================
2023-12-07 14:17:53,797 - INFO - [1;34mEpoch 99/100[0m
2023-12-07 14:17:53,797 - INFO - Train Loss: 0.65
Train Acc: 82.75%
2023-12-07 14:18:00,231 - INFO - Val Loss: 0.48
Val Acc: 88.18%
2023-12-07 14:18:55,926 - INFO - ========================================
2023-12-07 14:18:55,927 - INFO - [1;34mEpoch 100/100[0m
2023-12-07 14:18:55,927 - INFO - Train Loss: 0.62
Train Acc: 83.06%
2023-12-07 14:19:02,313 - INFO - Val Loss: 0.44
Val Acc: 88.05%
2023-12-07 14:19:02,315 - INFO - ========================================
2023-12-07 14:19:02,315 - INFO - Training Completed! 😀
2023-12-07 14:26:22,271 - INFO - generated new fontManager
