2023-12-09 15:54:51,734 - INFO - 🚀 Training MobileNetV3 - Omni Dimensional Dynamic Convolution 🚀
2023-12-09 15:55:22,860 - INFO - ========================================
2023-12-09 15:55:22,860 - INFO - [1;34mEpoch 1/100[0m
2023-12-09 15:55:22,861 - INFO - Train Loss: 1.71  -   Train Acc: 39.45%
2023-12-09 15:55:28,290 - INFO - Val Loss: 1.27  -  Val Acc: 55.73%
2023-12-09 15:55:56,359 - INFO - ========================================
2023-12-09 15:55:56,360 - INFO - [1;34mEpoch 2/100[0m
2023-12-09 15:55:56,360 - INFO - Train Loss: 1.38  -   Train Acc: 55.68%
2023-12-09 15:56:01,737 - INFO - Val Loss: 1.05  -  Val Acc: 64.90%
2023-12-09 15:56:29,979 - INFO - ========================================
2023-12-09 15:56:29,979 - INFO - [1;34mEpoch 3/100[0m
2023-12-09 15:56:29,979 - INFO - Train Loss: 1.26  -   Train Acc: 61.14%
2023-12-09 15:56:35,418 - INFO - Val Loss: 0.89  -  Val Acc: 70.86%
2023-12-09 15:57:03,551 - INFO - ========================================
2023-12-09 15:57:03,551 - INFO - [1;34mEpoch 4/100[0m
2023-12-09 15:57:03,551 - INFO - Train Loss: 1.20  -   Train Acc: 63.35%
2023-12-09 15:57:08,978 - INFO - Val Loss: 0.90  -  Val Acc: 73.89%
2023-12-09 15:57:37,039 - INFO - ========================================
2023-12-09 15:57:37,040 - INFO - [1;34mEpoch 5/100[0m
2023-12-09 15:57:37,040 - INFO - Train Loss: 1.16  -   Train Acc: 65.97%
2023-12-09 15:57:42,460 - INFO - Val Loss: 0.76  -  Val Acc: 77.57%
2023-12-09 15:58:10,772 - INFO - ========================================
2023-12-09 15:58:10,772 - INFO - [1;34mEpoch 6/100[0m
2023-12-09 15:58:10,772 - INFO - Train Loss: 1.07  -   Train Acc: 68.59%
2023-12-09 15:58:16,073 - INFO - Val Loss: 0.71  -  Val Acc: 77.69%
2023-12-09 15:58:44,174 - INFO - ========================================
2023-12-09 15:58:44,175 - INFO - [1;34mEpoch 7/100[0m
2023-12-09 15:58:44,175 - INFO - Train Loss: 1.08  -   Train Acc: 68.39%
2023-12-09 15:58:49,666 - INFO - Val Loss: 0.65  -  Val Acc: 80.44%
2023-12-09 15:59:17,931 - INFO - ========================================
2023-12-09 15:59:17,931 - INFO - [1;34mEpoch 8/100[0m
2023-12-09 15:59:17,931 - INFO - Train Loss: 1.01  -   Train Acc: 70.52%
2023-12-09 15:59:23,323 - INFO - Val Loss: 0.59  -  Val Acc: 81.25%
2023-12-09 15:59:51,685 - INFO - ========================================
2023-12-09 15:59:51,686 - INFO - [1;34mEpoch 9/100[0m
2023-12-09 15:59:51,686 - INFO - Train Loss: 0.95  -   Train Acc: 73.36%
2023-12-09 15:59:57,060 - INFO - Val Loss: 0.59  -  Val Acc: 81.93%
2023-12-09 16:00:25,182 - INFO - ========================================
2023-12-09 16:00:25,183 - INFO - [1;34mEpoch 10/100[0m
2023-12-09 16:00:25,183 - INFO - Train Loss: 0.92  -   Train Acc: 74.60%
2023-12-09 16:00:30,538 - INFO - Val Loss: 0.56  -  Val Acc: 83.19%
2023-12-09 16:00:58,769 - INFO - ========================================
2023-12-09 16:00:58,769 - INFO - [1;34mEpoch 11/100[0m
2023-12-09 16:00:58,770 - INFO - Train Loss: 0.86  -   Train Acc: 76.19%
2023-12-09 16:01:04,234 - INFO - Val Loss: 0.57  -  Val Acc: 83.29%
2023-12-09 16:01:32,542 - INFO - ========================================
2023-12-09 16:01:32,543 - INFO - [1;34mEpoch 12/100[0m
2023-12-09 16:01:32,543 - INFO - Train Loss: 0.91  -   Train Acc: 74.58%
2023-12-09 16:01:37,978 - INFO - Val Loss: 0.59  -  Val Acc: 83.65%
2023-12-09 16:02:06,212 - INFO - ========================================
2023-12-09 16:02:06,212 - INFO - [1;34mEpoch 13/100[0m
2023-12-09 16:02:06,213 - INFO - Train Loss: 0.86  -   Train Acc: 76.24%
2023-12-09 16:02:11,620 - INFO - Val Loss: 0.62  -  Val Acc: 82.58%
2023-12-09 16:02:39,736 - INFO - ========================================
2023-12-09 16:02:39,737 - INFO - [1;34mEpoch 14/100[0m
2023-12-09 16:02:39,737 - INFO - Train Loss: 0.83  -   Train Acc: 77.33%
2023-12-09 16:02:45,050 - INFO - Val Loss: 0.57  -  Val Acc: 83.51%
2023-12-09 16:03:13,152 - INFO - ========================================
2023-12-09 16:03:13,152 - INFO - [1;34mEpoch 15/100[0m
2023-12-09 16:03:13,152 - INFO - Train Loss: 0.81  -   Train Acc: 77.54%
2023-12-09 16:03:18,582 - INFO - Val Loss: 0.54  -  Val Acc: 83.05%
2023-12-09 16:03:46,776 - INFO - ========================================
2023-12-09 16:03:46,776 - INFO - [1;34mEpoch 16/100[0m
2023-12-09 16:03:46,776 - INFO - Train Loss: 0.83  -   Train Acc: 76.85%
2023-12-09 16:03:52,213 - INFO - Val Loss: 0.54  -  Val Acc: 84.54%
2023-12-09 16:04:20,512 - INFO - ========================================
2023-12-09 16:04:20,512 - INFO - [1;34mEpoch 17/100[0m
2023-12-09 16:04:20,512 - INFO - Train Loss: 0.84  -   Train Acc: 76.88%
2023-12-09 16:04:25,922 - INFO - Val Loss: 0.51  -  Val Acc: 85.16%
2023-12-09 16:04:54,439 - INFO - ========================================
2023-12-09 16:04:54,439 - INFO - [1;34mEpoch 18/100[0m
2023-12-09 16:04:54,439 - INFO - Train Loss: 0.78  -   Train Acc: 78.66%
2023-12-09 16:04:59,762 - INFO - Val Loss: 0.52  -  Val Acc: 84.99%
2023-12-09 16:05:28,096 - INFO - ========================================
2023-12-09 16:05:28,096 - INFO - [1;34mEpoch 19/100[0m
2023-12-09 16:05:28,096 - INFO - Train Loss: 0.80  -   Train Acc: 77.44%
2023-12-09 16:05:33,506 - INFO - Val Loss: 0.55  -  Val Acc: 84.33%
2023-12-09 16:06:01,644 - INFO - ========================================
2023-12-09 16:06:01,644 - INFO - [1;34mEpoch 20/100[0m
2023-12-09 16:06:01,644 - INFO - Train Loss: 0.74  -   Train Acc: 80.18%
2023-12-09 16:06:06,974 - INFO - Val Loss: 0.49  -  Val Acc: 86.02%
2023-12-09 16:06:35,381 - INFO - ========================================
2023-12-09 16:06:35,382 - INFO - [1;34mEpoch 21/100[0m
2023-12-09 16:06:35,382 - INFO - Train Loss: 0.77  -   Train Acc: 79.65%
2023-12-09 16:06:40,804 - INFO - Val Loss: 0.59  -  Val Acc: 84.37%
2023-12-09 16:07:09,243 - INFO - ========================================
2023-12-09 16:07:09,243 - INFO - [1;34mEpoch 22/100[0m
2023-12-09 16:07:09,243 - INFO - Train Loss: 0.80  -   Train Acc: 78.24%
2023-12-09 16:07:14,594 - INFO - Val Loss: 0.62  -  Val Acc: 84.35%
2023-12-09 16:07:42,743 - INFO - ========================================
2023-12-09 16:07:42,744 - INFO - [1;34mEpoch 23/100[0m
2023-12-09 16:07:42,744 - INFO - Train Loss: 0.74  -   Train Acc: 79.84%
2023-12-09 16:07:48,132 - INFO - Val Loss: 0.53  -  Val Acc: 84.78%
2023-12-09 16:08:16,351 - INFO - ========================================
2023-12-09 16:08:16,352 - INFO - [1;34mEpoch 24/100[0m
2023-12-09 16:08:16,352 - INFO - Train Loss: 0.70  -   Train Acc: 81.20%
2023-12-09 16:08:21,724 - INFO - Val Loss: 0.51  -  Val Acc: 85.40%
2023-12-09 16:08:50,351 - INFO - ========================================
2023-12-09 16:08:50,351 - INFO - [1;34mEpoch 25/100[0m
2023-12-09 16:08:50,351 - INFO - Train Loss: 0.76  -   Train Acc: 79.31%
2023-12-09 16:08:55,743 - INFO - Val Loss: 0.52  -  Val Acc: 86.07%
2023-12-09 16:09:24,054 - INFO - ========================================
2023-12-09 16:09:24,055 - INFO - [1;34mEpoch 26/100[0m
2023-12-09 16:09:24,055 - INFO - Train Loss: 0.67  -   Train Acc: 82.57%
2023-12-09 16:09:29,546 - INFO - Val Loss: 0.52  -  Val Acc: 84.98%
2023-12-09 16:09:57,953 - INFO - ========================================
2023-12-09 16:09:57,953 - INFO - [1;34mEpoch 27/100[0m
2023-12-09 16:09:57,953 - INFO - Train Loss: 0.67  -   Train Acc: 82.62%
2023-12-09 16:10:03,251 - INFO - Val Loss: 0.54  -  Val Acc: 84.93%
2023-12-09 16:10:31,327 - INFO - ========================================
2023-12-09 16:10:31,328 - INFO - [1;34mEpoch 28/100[0m
2023-12-09 16:10:31,328 - INFO - Train Loss: 0.75  -   Train Acc: 79.87%
2023-12-09 16:10:36,831 - INFO - Val Loss: 0.51  -  Val Acc: 85.61%
2023-12-09 16:11:05,167 - INFO - ========================================
2023-12-09 16:11:05,167 - INFO - [1;34mEpoch 29/100[0m
2023-12-09 16:11:05,167 - INFO - Train Loss: 0.66  -   Train Acc: 82.68%
2023-12-09 16:11:10,627 - INFO - Val Loss: 0.52  -  Val Acc: 85.41%
2023-12-09 16:11:39,092 - INFO - ========================================
2023-12-09 16:11:39,092 - INFO - [1;34mEpoch 30/100[0m
2023-12-09 16:11:39,092 - INFO - Train Loss: 0.70  -   Train Acc: 81.72%
2023-12-09 16:11:44,446 - INFO - Val Loss: 0.54  -  Val Acc: 84.96%
2023-12-09 16:12:12,789 - INFO - ========================================
2023-12-09 16:12:12,789 - INFO - [1;34mEpoch 31/100[0m
2023-12-09 16:12:12,789 - INFO - Train Loss: 0.66  -   Train Acc: 82.85%
2023-12-09 16:12:18,282 - INFO - Val Loss: 0.53  -  Val Acc: 85.63%
2023-12-09 16:12:46,758 - INFO - ========================================
2023-12-09 16:12:46,759 - INFO - [1;34mEpoch 32/100[0m
2023-12-09 16:12:46,759 - INFO - Train Loss: 0.71  -   Train Acc: 81.44%
2023-12-09 16:12:52,130 - INFO - Val Loss: 0.50  -  Val Acc: 85.16%
2023-12-09 16:13:20,339 - INFO - ========================================
2023-12-09 16:13:20,339 - INFO - [1;34mEpoch 33/100[0m
2023-12-09 16:13:20,339 - INFO - Train Loss: 0.71  -   Train Acc: 81.19%
2023-12-09 16:13:25,882 - INFO - Val Loss: 0.51  -  Val Acc: 85.86%
2023-12-09 16:13:54,174 - INFO - ========================================
2023-12-09 16:13:54,174 - INFO - [1;34mEpoch 34/100[0m
2023-12-09 16:13:54,174 - INFO - Train Loss: 0.71  -   Train Acc: 81.07%
2023-12-09 16:13:59,742 - INFO - Val Loss: 0.51  -  Val Acc: 85.50%
2023-12-09 16:14:28,098 - INFO - ========================================
2023-12-09 16:14:28,099 - INFO - [1;34mEpoch 35/100[0m
2023-12-09 16:14:28,099 - INFO - Train Loss: 0.69  -   Train Acc: 81.36%
2023-12-09 16:14:33,750 - INFO - Val Loss: 0.52  -  Val Acc: 85.34%
2023-12-09 16:15:01,859 - INFO - ========================================
2023-12-09 16:15:01,860 - INFO - [1;34mEpoch 36/100[0m
2023-12-09 16:15:01,860 - INFO - Train Loss: 0.76  -   Train Acc: 79.00%
2023-12-09 16:15:07,264 - INFO - Val Loss: 0.49  -  Val Acc: 87.05%
2023-12-09 16:15:35,723 - INFO - ========================================
2023-12-09 16:15:35,723 - INFO - [1;34mEpoch 37/100[0m
2023-12-09 16:15:35,723 - INFO - Train Loss: 0.73  -   Train Acc: 80.48%
2023-12-09 16:15:41,214 - INFO - Val Loss: 0.48  -  Val Acc: 86.78%
2023-12-09 16:16:09,625 - INFO - ========================================
2023-12-09 16:16:09,625 - INFO - [1;34mEpoch 38/100[0m
2023-12-09 16:16:09,626 - INFO - Train Loss: 0.69  -   Train Acc: 81.40%
2023-12-09 16:16:15,049 - INFO - Val Loss: 0.46  -  Val Acc: 86.57%
2023-12-09 16:16:43,274 - INFO - ========================================
2023-12-09 16:16:43,275 - INFO - [1;34mEpoch 39/100[0m
2023-12-09 16:16:43,275 - INFO - Train Loss: 0.71  -   Train Acc: 81.05%
2023-12-09 16:16:48,709 - INFO - Val Loss: 0.51  -  Val Acc: 86.41%
2023-12-09 16:17:17,172 - INFO - ========================================
2023-12-09 16:17:17,173 - INFO - [1;34mEpoch 40/100[0m
2023-12-09 16:17:17,173 - INFO - Train Loss: 0.68  -   Train Acc: 81.34%
2023-12-09 16:17:22,578 - INFO - Val Loss: 0.50  -  Val Acc: 86.42%
2023-12-09 16:17:50,895 - INFO - ========================================
2023-12-09 16:17:50,895 - INFO - [1;34mEpoch 41/100[0m
2023-12-09 16:17:50,895 - INFO - Train Loss: 0.75  -   Train Acc: 79.35%
2023-12-09 16:17:56,414 - INFO - Val Loss: 0.50  -  Val Acc: 85.37%
2023-12-09 16:18:24,724 - INFO - ========================================
2023-12-09 16:18:24,724 - INFO - [1;34mEpoch 42/100[0m
2023-12-09 16:18:24,724 - INFO - Train Loss: 0.70  -   Train Acc: 81.28%
2023-12-09 16:18:30,215 - INFO - Val Loss: 0.54  -  Val Acc: 86.01%
2023-12-09 16:18:58,458 - INFO - ========================================
2023-12-09 16:18:58,459 - INFO - [1;34mEpoch 43/100[0m
2023-12-09 16:18:58,459 - INFO - Train Loss: 0.70  -   Train Acc: 81.47%
2023-12-09 16:19:03,842 - INFO - Val Loss: 0.50  -  Val Acc: 86.71%
2023-12-09 16:19:31,971 - INFO - ========================================
2023-12-09 16:19:31,971 - INFO - [1;34mEpoch 44/100[0m
2023-12-09 16:19:31,972 - INFO - Train Loss: 0.66  -   Train Acc: 82.87%
2023-12-09 16:19:37,308 - INFO - Val Loss: 0.49  -  Val Acc: 86.71%
2023-12-09 16:20:05,508 - INFO - ========================================
2023-12-09 16:20:05,509 - INFO - [1;34mEpoch 45/100[0m
2023-12-09 16:20:05,509 - INFO - Train Loss: 0.62  -   Train Acc: 83.45%
2023-12-09 16:20:11,008 - INFO - Val Loss: 0.46  -  Val Acc: 86.86%
2023-12-09 16:20:39,337 - INFO - ========================================
2023-12-09 16:20:39,337 - INFO - [1;34mEpoch 46/100[0m
2023-12-09 16:20:39,337 - INFO - Train Loss: 0.67  -   Train Acc: 82.20%
2023-12-09 16:20:44,782 - INFO - Val Loss: 0.47  -  Val Acc: 86.72%
2023-12-09 16:21:13,095 - INFO - ========================================
2023-12-09 16:21:13,096 - INFO - [1;34mEpoch 47/100[0m
2023-12-09 16:21:13,096 - INFO - Train Loss: 0.70  -   Train Acc: 81.54%
2023-12-09 16:21:18,518 - INFO - Val Loss: 0.47  -  Val Acc: 86.95%
2023-12-09 16:21:46,709 - INFO - ========================================
2023-12-09 16:21:46,710 - INFO - [1;34mEpoch 48/100[0m
2023-12-09 16:21:46,710 - INFO - Train Loss: 0.68  -   Train Acc: 81.32%
2023-12-09 16:21:52,044 - INFO - Val Loss: 0.46  -  Val Acc: 86.61%
2023-12-09 16:22:20,184 - INFO - ========================================
2023-12-09 16:22:20,185 - INFO - [1;34mEpoch 49/100[0m
2023-12-09 16:22:20,185 - INFO - Train Loss: 0.72  -   Train Acc: 80.32%
2023-12-09 16:22:25,565 - INFO - Val Loss: 0.47  -  Val Acc: 86.78%
2023-12-09 16:22:54,069 - INFO - ========================================
2023-12-09 16:22:54,069 - INFO - [1;34mEpoch 50/100[0m
2023-12-09 16:22:54,070 - INFO - Train Loss: 0.65  -   Train Acc: 82.67%
2023-12-09 16:22:59,570 - INFO - Val Loss: 0.49  -  Val Acc: 86.56%
2023-12-09 16:23:27,771 - INFO - ========================================
2023-12-09 16:23:27,771 - INFO - [1;34mEpoch 51/100[0m
2023-12-09 16:23:27,771 - INFO - Train Loss: 0.68  -   Train Acc: 82.26%
2023-12-09 16:23:33,214 - INFO - Val Loss: 0.48  -  Val Acc: 86.72%
2023-12-09 16:24:01,506 - INFO - ========================================
2023-12-09 16:24:01,507 - INFO - [1;34mEpoch 52/100[0m
2023-12-09 16:24:01,507 - INFO - Train Loss: 0.71  -   Train Acc: 80.19%
2023-12-09 16:24:07,006 - INFO - Val Loss: 0.48  -  Val Acc: 86.30%
2023-12-09 16:24:35,154 - INFO - ========================================
2023-12-09 16:24:35,154 - INFO - [1;34mEpoch 53/100[0m
2023-12-09 16:24:35,154 - INFO - Train Loss: 0.67  -   Train Acc: 81.83%
2023-12-09 16:24:40,610 - INFO - Val Loss: 0.46  -  Val Acc: 86.97%
2023-12-09 16:25:09,018 - INFO - ========================================
2023-12-09 16:25:09,018 - INFO - [1;34mEpoch 54/100[0m
2023-12-09 16:25:09,018 - INFO - Train Loss: 0.70  -   Train Acc: 81.40%
2023-12-09 16:25:14,560 - INFO - Val Loss: 0.46  -  Val Acc: 87.22%
2023-12-09 16:25:42,719 - INFO - ========================================
2023-12-09 16:25:42,719 - INFO - [1;34mEpoch 55/100[0m
2023-12-09 16:25:42,719 - INFO - Train Loss: 0.65  -   Train Acc: 82.84%
2023-12-09 16:25:48,144 - INFO - Val Loss: 0.45  -  Val Acc: 87.41%
2023-12-09 16:26:16,326 - INFO - ========================================
2023-12-09 16:26:16,327 - INFO - [1;34mEpoch 56/100[0m
2023-12-09 16:26:16,327 - INFO - Train Loss: 0.71  -   Train Acc: 81.21%
2023-12-09 16:26:21,768 - INFO - Val Loss: 0.46  -  Val Acc: 87.16%
2023-12-09 16:26:50,115 - INFO - ========================================
2023-12-09 16:26:50,115 - INFO - [1;34mEpoch 57/100[0m
2023-12-09 16:26:50,115 - INFO - Train Loss: 0.69  -   Train Acc: 81.07%
2023-12-09 16:26:55,559 - INFO - Val Loss: 0.50  -  Val Acc: 87.01%
2023-12-09 16:27:23,757 - INFO - ========================================
2023-12-09 16:27:23,757 - INFO - [1;34mEpoch 58/100[0m
2023-12-09 16:27:23,758 - INFO - Train Loss: 0.70  -   Train Acc: 81.11%
2023-12-09 16:27:29,038 - INFO - Val Loss: 0.48  -  Val Acc: 87.09%
2023-12-09 16:27:57,472 - INFO - ========================================
2023-12-09 16:27:57,472 - INFO - [1;34mEpoch 59/100[0m
2023-12-09 16:27:57,472 - INFO - Train Loss: 0.66  -   Train Acc: 81.85%
2023-12-09 16:28:03,043 - INFO - Val Loss: 0.47  -  Val Acc: 87.27%
2023-12-09 16:28:31,282 - INFO - ========================================
2023-12-09 16:28:31,283 - INFO - [1;34mEpoch 60/100[0m
2023-12-09 16:28:31,283 - INFO - Train Loss: 0.71  -   Train Acc: 80.85%
2023-12-09 16:28:36,777 - INFO - Val Loss: 0.49  -  Val Acc: 87.49%
2023-12-09 16:29:05,050 - INFO - ========================================
2023-12-09 16:29:05,051 - INFO - [1;34mEpoch 61/100[0m
2023-12-09 16:29:05,051 - INFO - Train Loss: 0.65  -   Train Acc: 82.36%
2023-12-09 16:29:10,758 - INFO - Val Loss: 0.45  -  Val Acc: 87.67%
2023-12-09 16:29:39,087 - INFO - ========================================
2023-12-09 16:29:39,087 - INFO - [1;34mEpoch 62/100[0m
2023-12-09 16:29:39,087 - INFO - Train Loss: 0.69  -   Train Acc: 81.43%
2023-12-09 16:29:44,517 - INFO - Val Loss: 0.47  -  Val Acc: 87.12%
2023-12-09 16:30:12,775 - INFO - ========================================
2023-12-09 16:30:12,775 - INFO - [1;34mEpoch 63/100[0m
2023-12-09 16:30:12,775 - INFO - Train Loss: 0.66  -   Train Acc: 81.97%
2023-12-09 16:30:18,128 - INFO - Val Loss: 0.50  -  Val Acc: 86.90%
2023-12-09 16:30:46,270 - INFO - ========================================
2023-12-09 16:30:46,271 - INFO - [1;34mEpoch 64/100[0m
2023-12-09 16:30:46,271 - INFO - Train Loss: 0.62  -   Train Acc: 84.00%
2023-12-09 16:30:51,904 - INFO - Val Loss: 0.45  -  Val Acc: 87.40%
2023-12-09 16:31:20,083 - INFO - ========================================
2023-12-09 16:31:20,083 - INFO - [1;34mEpoch 65/100[0m
2023-12-09 16:31:20,083 - INFO - Train Loss: 0.71  -   Train Acc: 80.33%
2023-12-09 16:31:25,610 - INFO - Val Loss: 0.46  -  Val Acc: 87.15%
2023-12-09 16:31:53,990 - INFO - ========================================
2023-12-09 16:31:53,990 - INFO - [1;34mEpoch 66/100[0m
2023-12-09 16:31:53,990 - INFO - Train Loss: 0.67  -   Train Acc: 82.39%
2023-12-09 16:31:59,554 - INFO - Val Loss: 0.46  -  Val Acc: 87.34%
2023-12-09 16:32:27,850 - INFO - ========================================
2023-12-09 16:32:27,850 - INFO - [1;34mEpoch 67/100[0m
2023-12-09 16:32:27,850 - INFO - Train Loss: 0.75  -   Train Acc: 79.11%
2023-12-09 16:32:33,218 - INFO - Val Loss: 0.45  -  Val Acc: 88.01%
2023-12-09 16:33:01,482 - INFO - ========================================
2023-12-09 16:33:01,483 - INFO - [1;34mEpoch 68/100[0m
2023-12-09 16:33:01,483 - INFO - Train Loss: 0.63  -   Train Acc: 83.08%
2023-12-09 16:33:06,919 - INFO - Val Loss: 0.47  -  Val Acc: 87.38%
2023-12-09 16:33:35,046 - INFO - ========================================
2023-12-09 16:33:35,047 - INFO - [1;34mEpoch 69/100[0m
2023-12-09 16:33:35,047 - INFO - Train Loss: 0.63  -   Train Acc: 83.28%
2023-12-09 16:33:40,630 - INFO - Val Loss: 0.46  -  Val Acc: 87.24%
2023-12-09 16:34:08,706 - INFO - ========================================
2023-12-09 16:34:08,706 - INFO - [1;34mEpoch 70/100[0m
2023-12-09 16:34:08,706 - INFO - Train Loss: 0.62  -   Train Acc: 83.31%
2023-12-09 16:34:14,224 - INFO - Val Loss: 0.43  -  Val Acc: 87.99%
2023-12-09 16:34:42,655 - INFO - ========================================
2023-12-09 16:34:42,655 - INFO - [1;34mEpoch 71/100[0m
2023-12-09 16:34:42,655 - INFO - Train Loss: 0.67  -   Train Acc: 81.85%
2023-12-09 16:34:48,008 - INFO - Val Loss: 0.45  -  Val Acc: 87.41%
2023-12-09 16:35:16,387 - INFO - ========================================
2023-12-09 16:35:16,387 - INFO - [1;34mEpoch 72/100[0m
2023-12-09 16:35:16,387 - INFO - Train Loss: 0.60  -   Train Acc: 84.26%
2023-12-09 16:35:21,829 - INFO - Val Loss: 0.44  -  Val Acc: 88.15%
2023-12-09 16:35:50,158 - INFO - ========================================
2023-12-09 16:35:50,159 - INFO - [1;34mEpoch 73/100[0m
2023-12-09 16:35:50,159 - INFO - Train Loss: 0.65  -   Train Acc: 82.43%
2023-12-09 16:35:55,623 - INFO - Val Loss: 0.46  -  Val Acc: 87.64%
2023-12-09 16:36:23,730 - INFO - ========================================
2023-12-09 16:36:23,731 - INFO - [1;34mEpoch 74/100[0m
2023-12-09 16:36:23,731 - INFO - Train Loss: 0.60  -   Train Acc: 84.72%
2023-12-09 16:36:29,118 - INFO - Val Loss: 0.44  -  Val Acc: 87.55%
2023-12-09 16:36:57,422 - INFO - ========================================
2023-12-09 16:36:57,423 - INFO - [1;34mEpoch 75/100[0m
2023-12-09 16:36:57,423 - INFO - Train Loss: 0.65  -   Train Acc: 82.62%
2023-12-09 16:37:02,790 - INFO - Val Loss: 0.45  -  Val Acc: 88.01%
2023-12-09 16:37:31,004 - INFO - ========================================
2023-12-09 16:37:31,005 - INFO - [1;34mEpoch 76/100[0m
2023-12-09 16:37:31,005 - INFO - Train Loss: 0.61  -   Train Acc: 83.77%
2023-12-09 16:37:36,457 - INFO - Val Loss: 0.44  -  Val Acc: 87.30%
2023-12-09 16:38:04,913 - INFO - ========================================
2023-12-09 16:38:04,913 - INFO - [1;34mEpoch 77/100[0m
2023-12-09 16:38:04,913 - INFO - Train Loss: 0.66  -   Train Acc: 81.66%
2023-12-09 16:38:10,390 - INFO - Val Loss: 0.45  -  Val Acc: 87.53%
2023-12-09 16:38:38,714 - INFO - ========================================
2023-12-09 16:38:38,714 - INFO - [1;34mEpoch 78/100[0m
2023-12-09 16:38:38,714 - INFO - Train Loss: 0.66  -   Train Acc: 82.47%
2023-12-09 16:38:44,102 - INFO - Val Loss: 0.47  -  Val Acc: 87.74%
2023-12-09 16:39:12,447 - INFO - ========================================
2023-12-09 16:39:12,448 - INFO - [1;34mEpoch 79/100[0m
2023-12-09 16:39:12,448 - INFO - Train Loss: 0.59  -   Train Acc: 84.55%
2023-12-09 16:39:17,874 - INFO - Val Loss: 0.44  -  Val Acc: 88.23%
2023-12-09 16:39:46,018 - INFO - ========================================
2023-12-09 16:39:46,019 - INFO - [1;34mEpoch 80/100[0m
2023-12-09 16:39:46,019 - INFO - Train Loss: 0.66  -   Train Acc: 82.10%
2023-12-09 16:39:51,439 - INFO - Val Loss: 0.46  -  Val Acc: 88.29%
2023-12-09 16:40:19,634 - INFO - ========================================
2023-12-09 16:40:19,635 - INFO - [1;34mEpoch 81/100[0m
2023-12-09 16:40:19,635 - INFO - Train Loss: 0.69  -   Train Acc: 81.51%
2023-12-09 16:40:25,170 - INFO - Val Loss: 0.43  -  Val Acc: 88.24%
2023-12-09 16:40:53,423 - INFO - ========================================
2023-12-09 16:40:53,423 - INFO - [1;34mEpoch 82/100[0m
2023-12-09 16:40:53,423 - INFO - Train Loss: 0.60  -   Train Acc: 84.39%
2023-12-09 16:40:58,991 - INFO - Val Loss: 0.46  -  Val Acc: 87.63%
2023-12-09 16:41:27,473 - INFO - ========================================
2023-12-09 16:41:27,474 - INFO - [1;34mEpoch 83/100[0m
2023-12-09 16:41:27,474 - INFO - Train Loss: 0.67  -   Train Acc: 81.54%
2023-12-09 16:41:32,826 - INFO - Val Loss: 0.43  -  Val Acc: 88.66%
2023-12-09 16:42:00,948 - INFO - ========================================
2023-12-09 16:42:00,948 - INFO - [1;34mEpoch 84/100[0m
2023-12-09 16:42:00,948 - INFO - Train Loss: 0.65  -   Train Acc: 82.14%
2023-12-09 16:42:06,437 - INFO - Val Loss: 0.48  -  Val Acc: 87.21%
2023-12-09 16:42:34,608 - INFO - ========================================
2023-12-09 16:42:34,608 - INFO - [1;34mEpoch 85/100[0m
2023-12-09 16:42:34,608 - INFO - Train Loss: 0.65  -   Train Acc: 82.04%
2023-12-09 16:42:40,178 - INFO - Val Loss: 0.45  -  Val Acc: 87.77%
2023-12-09 16:43:08,358 - INFO - ========================================
2023-12-09 16:43:08,358 - INFO - [1;34mEpoch 86/100[0m
2023-12-09 16:43:08,358 - INFO - Train Loss: 0.66  -   Train Acc: 82.97%
2023-12-09 16:43:13,850 - INFO - Val Loss: 0.43  -  Val Acc: 88.39%
2023-12-09 16:43:42,070 - INFO - ========================================
2023-12-09 16:43:42,071 - INFO - [1;34mEpoch 87/100[0m
2023-12-09 16:43:42,071 - INFO - Train Loss: 0.68  -   Train Acc: 81.26%
2023-12-09 16:43:47,563 - INFO - Val Loss: 0.42  -  Val Acc: 88.24%
2023-12-09 16:44:15,866 - INFO - ========================================
2023-12-09 16:44:15,867 - INFO - [1;34mEpoch 88/100[0m
2023-12-09 16:44:15,867 - INFO - Train Loss: 0.63  -   Train Acc: 82.67%
2023-12-09 16:44:21,254 - INFO - Val Loss: 0.44  -  Val Acc: 87.99%
2023-12-09 16:44:49,523 - INFO - ========================================
2023-12-09 16:44:49,523 - INFO - [1;34mEpoch 89/100[0m
2023-12-09 16:44:49,523 - INFO - Train Loss: 0.69  -   Train Acc: 80.91%
2023-12-09 16:44:54,950 - INFO - Val Loss: 0.47  -  Val Acc: 88.13%
2023-12-09 16:45:23,235 - INFO - ========================================
2023-12-09 16:45:23,235 - INFO - [1;34mEpoch 90/100[0m
2023-12-09 16:45:23,235 - INFO - Train Loss: 0.70  -   Train Acc: 80.91%
2023-12-09 16:45:28,722 - INFO - Val Loss: 0.50  -  Val Acc: 87.75%
2023-12-09 16:45:56,941 - INFO - ========================================
2023-12-09 16:45:56,941 - INFO - [1;34mEpoch 91/100[0m
2023-12-09 16:45:56,941 - INFO - Train Loss: 0.62  -   Train Acc: 83.62%
2023-12-09 16:46:02,470 - INFO - Val Loss: 0.43  -  Val Acc: 88.34%
2023-12-09 16:46:30,973 - INFO - ========================================
2023-12-09 16:46:30,973 - INFO - [1;34mEpoch 92/100[0m
2023-12-09 16:46:30,973 - INFO - Train Loss: 0.67  -   Train Acc: 82.24%
2023-12-09 16:46:36,406 - INFO - Val Loss: 0.45  -  Val Acc: 88.29%
2023-12-09 16:47:04,755 - INFO - ========================================
2023-12-09 16:47:04,755 - INFO - [1;34mEpoch 93/100[0m
2023-12-09 16:47:04,755 - INFO - Train Loss: 0.66  -   Train Acc: 82.33%
2023-12-09 16:47:10,214 - INFO - Val Loss: 0.48  -  Val Acc: 87.87%
2023-12-09 16:47:38,441 - INFO - ========================================
2023-12-09 16:47:38,441 - INFO - [1;34mEpoch 94/100[0m
2023-12-09 16:47:38,441 - INFO - Train Loss: 0.61  -   Train Acc: 83.32%
2023-12-09 16:47:43,982 - INFO - Val Loss: 0.43  -  Val Acc: 88.40%
2023-12-09 16:48:12,336 - INFO - ========================================
2023-12-09 16:48:12,336 - INFO - [1;34mEpoch 95/100[0m
2023-12-09 16:48:12,336 - INFO - Train Loss: 0.61  -   Train Acc: 83.57%
2023-12-09 16:48:17,796 - INFO - Val Loss: 0.44  -  Val Acc: 88.29%
2023-12-09 16:48:46,162 - INFO - ========================================
2023-12-09 16:48:46,163 - INFO - [1;34mEpoch 96/100[0m
2023-12-09 16:48:46,163 - INFO - Train Loss: 0.65  -   Train Acc: 82.41%
2023-12-09 16:48:51,652 - INFO - Val Loss: 0.43  -  Val Acc: 88.54%
2023-12-09 16:49:19,846 - INFO - ========================================
2023-12-09 16:49:19,846 - INFO - [1;34mEpoch 97/100[0m
2023-12-09 16:49:19,846 - INFO - Train Loss: 0.66  -   Train Acc: 81.95%
2023-12-09 16:49:25,486 - INFO - Val Loss: 0.45  -  Val Acc: 88.12%
2023-12-09 16:49:53,611 - INFO - ========================================
2023-12-09 16:49:53,612 - INFO - [1;34mEpoch 98/100[0m
2023-12-09 16:49:53,612 - INFO - Train Loss: 0.64  -   Train Acc: 82.14%
2023-12-09 16:49:59,324 - INFO - Val Loss: 0.47  -  Val Acc: 87.81%
2023-12-09 16:50:27,435 - INFO - ========================================
2023-12-09 16:50:27,436 - INFO - [1;34mEpoch 99/100[0m
2023-12-09 16:50:27,436 - INFO - Train Loss: 0.62  -   Train Acc: 83.06%
2023-12-09 16:50:33,019 - INFO - Val Loss: 0.47  -  Val Acc: 87.74%
2023-12-09 16:51:01,130 - INFO - ========================================
2023-12-09 16:51:01,130 - INFO - [1;34mEpoch 100/100[0m
2023-12-09 16:51:01,130 - INFO - Train Loss: 0.62  -   Train Acc: 83.59%
2023-12-09 16:51:06,462 - INFO - Val Loss: 0.41  -  Val Acc: 88.62%
2023-12-09 16:51:06,464 - INFO - ========================================
2023-12-09 16:51:06,465 - INFO - Training Completed! 😀
2023-12-09 16:51:11,596 - INFO - generated new fontManager
