2024-01-31 14:54:51,312 - INFO - ========================================
2024-01-31 14:54:51,312 - INFO - Epoch 1/30
2024-01-31 14:54:51,312 - INFO - Train Loss: 1.51
2024-01-31 14:54:51,312 - INFO - Train Acc: 43.28
2024-01-31 14:54:57,400 - INFO - Val Loss: 1.28
2024-01-31 14:54:57,401 - INFO - Val Acc: 53.54
2024-01-31 14:56:15,910 - INFO - ========================================
2024-01-31 14:56:15,911 - INFO - Epoch 2/30
2024-01-31 14:56:15,911 - INFO - Train Loss: 0.97
2024-01-31 14:56:15,911 - INFO - Train Acc: 65.48
2024-01-31 14:56:21,899 - INFO - Val Loss: 1.07
2024-01-31 14:56:21,899 - INFO - Val Acc: 63.77
2024-01-31 14:57:40,502 - INFO - ========================================
2024-01-31 14:57:40,502 - INFO - Epoch 3/30
2024-01-31 14:57:40,502 - INFO - Train Loss: 0.74
2024-01-31 14:57:40,502 - INFO - Train Acc: 74.19
2024-01-31 14:57:46,590 - INFO - Val Loss: 0.78
2024-01-31 14:57:46,591 - INFO - Val Acc: 73.65
2024-01-31 14:59:05,206 - INFO - ========================================
2024-01-31 14:59:05,207 - INFO - Epoch 4/30
2024-01-31 14:59:05,207 - INFO - Train Loss: 0.60
2024-01-31 14:59:05,207 - INFO - Train Acc: 79.36
2024-01-31 14:59:11,254 - INFO - Val Loss: 0.62
2024-01-31 14:59:11,254 - INFO - Val Acc: 78.37
2024-01-31 15:00:30,000 - INFO - ========================================
2024-01-31 15:00:30,000 - INFO - Epoch 5/30
2024-01-31 15:00:30,000 - INFO - Train Loss: 0.52
2024-01-31 15:00:30,000 - INFO - Train Acc: 82.06
2024-01-31 15:00:36,451 - INFO - Val Loss: 0.56
2024-01-31 15:00:36,452 - INFO - Val Acc: 81.23
2024-01-31 15:01:55,100 - INFO - ========================================
2024-01-31 15:01:55,100 - INFO - Epoch 6/30
2024-01-31 15:01:55,100 - INFO - Train Loss: 0.87
2024-01-31 15:01:55,100 - INFO - Train Acc: 70.22
2024-01-31 15:02:01,149 - INFO - Val Loss: 1.03
2024-01-31 15:02:01,149 - INFO - Val Acc: 64.73
2024-01-31 15:03:20,221 - INFO - ========================================
2024-01-31 15:03:20,222 - INFO - Epoch 7/30
2024-01-31 15:03:20,222 - INFO - Train Loss: 0.70
2024-01-31 15:03:20,222 - INFO - Train Acc: 76.00
2024-01-31 15:03:26,251 - INFO - Val Loss: 0.65
2024-01-31 15:03:26,251 - INFO - Val Acc: 78.17
2024-01-31 15:04:44,803 - INFO - ========================================
2024-01-31 15:04:44,803 - INFO - Epoch 8/30
2024-01-31 15:04:44,803 - INFO - Train Loss: 0.57
2024-01-31 15:04:44,803 - INFO - Train Acc: 80.40
2024-01-31 15:04:50,854 - INFO - Val Loss: 0.96
2024-01-31 15:04:50,855 - INFO - Val Acc: 76.08
2024-01-31 15:06:10,006 - INFO - ========================================
2024-01-31 15:06:10,006 - INFO - Epoch 9/30
2024-01-31 15:06:10,006 - INFO - Train Loss: 0.70
2024-01-31 15:06:10,006 - INFO - Train Acc: 76.07
2024-01-31 15:06:16,094 - INFO - Val Loss: 1.41
2024-01-31 15:06:16,095 - INFO - Val Acc: 50.93
2024-01-31 15:07:35,016 - INFO - ========================================
2024-01-31 15:07:35,017 - INFO - Epoch 10/30
2024-01-31 15:07:35,017 - INFO - Train Loss: 0.82
2024-01-31 15:07:35,017 - INFO - Train Acc: 71.69
2024-01-31 15:07:41,205 - INFO - Val Loss: 0.70
2024-01-31 15:07:41,205 - INFO - Val Acc: 76.33
2024-01-31 15:08:59,938 - INFO - ========================================
2024-01-31 15:08:59,938 - INFO - Epoch 11/30
2024-01-31 15:08:59,938 - INFO - Train Loss: 0.68
2024-01-31 15:08:59,938 - INFO - Train Acc: 76.58
2024-01-31 15:09:06,158 - INFO - Val Loss: 0.62
2024-01-31 15:09:06,158 - INFO - Val Acc: 78.73
2024-01-31 15:10:25,004 - INFO - ========================================
2024-01-31 15:10:25,004 - INFO - Epoch 12/30
2024-01-31 15:10:25,004 - INFO - Train Loss: 0.59
2024-01-31 15:10:25,005 - INFO - Train Acc: 79.56
2024-01-31 15:10:31,070 - INFO - Val Loss: 0.72
2024-01-31 15:10:31,070 - INFO - Val Acc: 75.27
2024-01-31 15:11:49,791 - INFO - ========================================
2024-01-31 15:11:49,791 - INFO - Epoch 13/30
2024-01-31 15:11:49,791 - INFO - Train Loss: 0.49
2024-01-31 15:11:49,791 - INFO - Train Acc: 83.09
2024-01-31 15:11:55,912 - INFO - Val Loss: 0.64
2024-01-31 15:11:55,912 - INFO - Val Acc: 78.73
2024-01-31 15:13:14,409 - INFO - ========================================
2024-01-31 15:13:14,410 - INFO - Epoch 14/30
2024-01-31 15:13:14,410 - INFO - Train Loss: 0.41
2024-01-31 15:13:14,410 - INFO - Train Acc: 85.97
2024-01-31 15:13:20,547 - INFO - Val Loss: 0.55
2024-01-31 15:13:20,548 - INFO - Val Acc: 81.56
2024-01-31 15:14:39,108 - INFO - ========================================
2024-01-31 15:14:39,109 - INFO - Epoch 15/30
2024-01-31 15:14:39,109 - INFO - Train Loss: 0.36
2024-01-31 15:14:39,109 - INFO - Train Acc: 87.53
2024-01-31 15:14:45,371 - INFO - Val Loss: 0.79
2024-01-31 15:14:45,372 - INFO - Val Acc: 76.52
2024-01-31 15:16:04,369 - INFO - ========================================
2024-01-31 15:16:04,370 - INFO - Epoch 16/30
2024-01-31 15:16:04,370 - INFO - Train Loss: 0.32
2024-01-31 15:16:04,370 - INFO - Train Acc: 88.96
2024-01-31 15:16:10,594 - INFO - Val Loss: 0.83
2024-01-31 15:16:10,594 - INFO - Val Acc: 79.26
2024-01-31 15:17:29,302 - INFO - ========================================
2024-01-31 15:17:29,302 - INFO - Epoch 17/30
2024-01-31 15:17:29,302 - INFO - Train Loss: 0.28
2024-01-31 15:17:29,302 - INFO - Train Acc: 90.08
2024-01-31 15:17:35,386 - INFO - Val Loss: 0.53
2024-01-31 15:17:35,387 - INFO - Val Acc: 82.78
2024-01-31 15:18:54,399 - INFO - ========================================
2024-01-31 15:18:54,400 - INFO - Epoch 18/30
2024-01-31 15:18:54,400 - INFO - Train Loss: 0.24
2024-01-31 15:18:54,400 - INFO - Train Acc: 91.38
2024-01-31 15:19:00,487 - INFO - Val Loss: 0.56
2024-01-31 15:19:00,487 - INFO - Val Acc: 83.13
2024-01-31 15:20:19,088 - INFO - ========================================
2024-01-31 15:20:19,088 - INFO - Epoch 19/30
2024-01-31 15:20:19,088 - INFO - Train Loss: 0.22
2024-01-31 15:20:19,088 - INFO - Train Acc: 92.12
2024-01-31 15:20:25,238 - INFO - Val Loss: 0.66
2024-01-31 15:20:25,238 - INFO - Val Acc: 80.46
2024-01-31 15:21:43,814 - INFO - ========================================
2024-01-31 15:21:43,815 - INFO - Epoch 20/30
2024-01-31 15:21:43,815 - INFO - Train Loss: 0.20
2024-01-31 15:21:43,815 - INFO - Train Acc: 93.11
2024-01-31 15:21:49,895 - INFO - Val Loss: 0.55
2024-01-31 15:21:49,896 - INFO - Val Acc: 83.43
2024-01-31 15:23:08,522 - INFO - ========================================
2024-01-31 15:23:08,523 - INFO - Epoch 21/30
2024-01-31 15:23:08,523 - INFO - Train Loss: 0.17
2024-01-31 15:23:08,523 - INFO - Train Acc: 93.86
2024-01-31 15:23:14,664 - INFO - Val Loss: 0.60
2024-01-31 15:23:14,664 - INFO - Val Acc: 83.22
2024-01-31 15:24:33,306 - INFO - ========================================
2024-01-31 15:24:33,307 - INFO - Epoch 22/30
2024-01-31 15:24:33,307 - INFO - Train Loss: 0.16
2024-01-31 15:24:33,307 - INFO - Train Acc: 94.30
2024-01-31 15:24:39,391 - INFO - Val Loss: 0.70
2024-01-31 15:24:39,391 - INFO - Val Acc: 81.05
2024-01-31 15:25:57,993 - INFO - ========================================
2024-01-31 15:25:57,993 - INFO - Epoch 23/30
2024-01-31 15:25:57,994 - INFO - Train Loss: 0.14
2024-01-31 15:25:57,994 - INFO - Train Acc: 95.00
2024-01-31 15:26:04,175 - INFO - Val Loss: 0.61
2024-01-31 15:26:04,175 - INFO - Val Acc: 83.13
2024-01-31 15:27:23,119 - INFO - ========================================
2024-01-31 15:27:23,119 - INFO - Epoch 24/30
2024-01-31 15:27:23,119 - INFO - Train Loss: 0.12
2024-01-31 15:27:23,120 - INFO - Train Acc: 95.69
2024-01-31 15:27:29,257 - INFO - Val Loss: 0.67
2024-01-31 15:27:29,257 - INFO - Val Acc: 83.08
2024-01-31 15:28:48,039 - INFO - ========================================
2024-01-31 15:28:48,040 - INFO - Epoch 25/30
2024-01-31 15:28:48,040 - INFO - Train Loss: 0.11
2024-01-31 15:28:48,040 - INFO - Train Acc: 96.08
2024-01-31 15:28:54,148 - INFO - Val Loss: 0.61
2024-01-31 15:28:54,149 - INFO - Val Acc: 84.26
2024-01-31 15:30:12,908 - INFO - ========================================
2024-01-31 15:30:12,908 - INFO - Epoch 26/30
2024-01-31 15:30:12,908 - INFO - Train Loss: 0.10
2024-01-31 15:30:12,909 - INFO - Train Acc: 96.49
2024-01-31 15:30:19,046 - INFO - Val Loss: 0.70
2024-01-31 15:30:19,046 - INFO - Val Acc: 82.45
2024-01-31 15:31:37,897 - INFO - ========================================
2024-01-31 15:31:37,898 - INFO - Epoch 27/30
2024-01-31 15:31:37,898 - INFO - Train Loss: 0.09
2024-01-31 15:31:37,898 - INFO - Train Acc: 96.92
2024-01-31 15:31:44,150 - INFO - Val Loss: 0.64
2024-01-31 15:31:44,151 - INFO - Val Acc: 84.01
2024-01-31 15:33:03,322 - INFO - ========================================
2024-01-31 15:33:03,322 - INFO - Epoch 28/30
2024-01-31 15:33:03,322 - INFO - Train Loss: 0.08
2024-01-31 15:33:03,322 - INFO - Train Acc: 97.37
2024-01-31 15:33:09,476 - INFO - Val Loss: 0.71
2024-01-31 15:33:09,476 - INFO - Val Acc: 83.61
2024-01-31 15:34:28,414 - INFO - ========================================
2024-01-31 15:34:28,414 - INFO - Epoch 29/30
2024-01-31 15:34:28,414 - INFO - Train Loss: 0.08
2024-01-31 15:34:28,414 - INFO - Train Acc: 97.30
2024-01-31 15:34:34,553 - INFO - Val Loss: 0.75
2024-01-31 15:34:34,554 - INFO - Val Acc: 82.54
2024-01-31 15:35:53,603 - INFO - ========================================
2024-01-31 15:35:53,604 - INFO - Epoch 30/30
2024-01-31 15:35:53,604 - INFO - Train Loss: 0.08
2024-01-31 15:35:53,604 - INFO - Train Acc: 97.13
2024-01-31 15:35:59,734 - INFO - Val Loss: 0.72
2024-01-31 15:35:59,734 - INFO - Val Acc: 83.57
